INFO - 2019-09-27 10:32:31,499 - Ambient_Temp's field ( Sensor name ): pass.
INFO - 2019-09-27 10:32:31,499 - Ambient_Temp's sensor number is pass.
INFO - 2019-09-27 10:32:31,499 - Ambient_Temp's entity id is pass.
INFO - 2019-09-27 10:32:31,499 - Ambient_Temp's sensor type is pass.
INFO - 2019-09-27 10:32:31,499 - Ambient_Temp's LC is pass.
ERROR - 2019-09-27 10:32:31,500 - na and 7 are different.                          Ambient_Temp's LNC is fail.
ERROR - 2019-09-27 10:32:31,500 - 60.000 and 42 are different.                             Ambient_Temp's UNC is fail.
ERROR - 2019-09-27 10:32:31,500 - 70.000 and 45 are different.                             Ambient_Temp's UC is fail.
INFO - 2019-09-27 10:32:31,500 - Outlet_Temp's field ( Sensor name ): pass.
INFO - 2019-09-27 10:32:31,500 - Outlet_Temp's sensor number is pass.
INFO - 2019-09-27 10:32:31,500 - Outlet_Temp's entity id is pass.
INFO - 2019-09-27 10:32:31,500 - Outlet_Temp's sensor type is pass.
INFO - 2019-09-27 10:32:31,500 - Outlet_Temp's LC is pass.
INFO - 2019-09-27 10:32:31,500 - Outlet_Temp's LNC is pass.
ERROR - 2019-09-27 10:32:31,500 - 60.000 and na are different.                          Outlet_Temp's UNC is fail.
ERROR - 2019-09-27 10:32:31,500 - 70.000 and na are different.                          Outlet_Temp's UC is fail.
INFO - 2019-09-27 10:32:31,500 - Die_CPU1's field ( Sensor name ): pass.
INFO - 2019-09-27 10:32:31,500 - Die_CPU1's sensor number is pass.
INFO - 2019-09-27 10:32:31,500 - Die_CPU1's entity id is pass.
INFO - 2019-09-27 10:32:31,500 - Die_CPU1's sensor type is pass.
INFO - 2019-09-27 10:32:31,500 - Die_CPU1's LC is pass.
INFO - 2019-09-27 10:32:31,500 - Die_CPU1's LNC is pass.
ERROR - 2019-09-27 10:32:31,500 - 81.000 and na are different.                          Die_CPU1's UNC is fail.
ERROR - 2019-09-27 10:32:31,501 - 91.000 and na are different.                          Die_CPU1's UC is fail.
INFO - 2019-09-27 10:32:31,501 - Die_CPU2's field ( Sensor name ): pass.
INFO - 2019-09-27 10:32:31,501 - Die_CPU2's sensor number is pass.
INFO - 2019-09-27 10:32:31,501 - Die_CPU2's entity id is pass.
INFO - 2019-09-27 10:32:31,501 - Die_CPU2's sensor type is pass.
INFO - 2019-09-27 10:32:31,501 - Die_CPU2's LC is pass.
INFO - 2019-09-27 10:32:31,501 - Die_CPU2's LNC is pass.
INFO - 2019-09-27 10:32:31,501 - Die_CPU2's UNC is pass.
INFO - 2019-09-27 10:32:31,501 - Die_CPU2's UC is pass.
INFO - 2019-09-27 10:32:31,501 - CPU1_VR_Temp's field ( Sensor name ): pass.
INFO - 2019-09-27 10:32:31,501 - CPU1_VR_Temp's sensor number is pass.
INFO - 2019-09-27 10:32:31,501 - CPU1_VR_Temp's entity id is pass.
INFO - 2019-09-27 10:32:31,501 - CPU1_VR_Temp's sensor type is pass.
INFO - 2019-09-27 10:32:31,501 - CPU1_VR_Temp's LC is pass.
INFO - 2019-09-27 10:32:31,501 - CPU1_VR_Temp's LNC is pass.
INFO - 2019-09-27 10:32:31,502 - CPU1_VR_Temp's UNC is pass.
INFO - 2019-09-27 10:32:31,502 - CPU1_VR_Temp's UC is pass.
INFO - 2019-09-27 10:32:31,502 - CPU2_VR_Temp's field ( Sensor name ): pass.
INFO - 2019-09-27 10:32:31,502 - CPU2_VR_Temp's sensor number is pass.
INFO - 2019-09-27 10:32:31,502 - CPU2_VR_Temp's entity id is pass.
INFO - 2019-09-27 10:32:31,502 - CPU2_VR_Temp's sensor type is pass.
INFO - 2019-09-27 10:32:31,502 - CPU2_VR_Temp's LC is pass.
INFO - 2019-09-27 10:32:31,502 - CPU2_VR_Temp's LNC is pass.
INFO - 2019-09-27 10:32:31,502 - CPU2_VR_Temp's UNC is pass.
INFO - 2019-09-27 10:32:31,502 - CPU2_VR_Temp's UC is pass.
INFO - 2019-09-27 10:32:31,502 - VDDQ_ABC_CPU1's field ( Sensor name ): pass.
INFO - 2019-09-27 10:32:31,502 - VDDQ_ABC_CPU1's sensor number is pass.
ERROR - 2019-09-27 10:32:31,502 - 3.0 and 32 are different.                        VDDQ_ABC_CPU1's entity id is fail.
INFO - 2019-09-27 10:32:31,502 - VDDQ_ABC_CPU1's sensor type is pass.
INFO - 2019-09-27 10:32:31,502 - VDDQ_ABC_CPU1's LC is pass.
INFO - 2019-09-27 10:32:31,502 - VDDQ_ABC_CPU1's LNC is pass.
INFO - 2019-09-27 10:32:31,502 - VDDQ_ABC_CPU1's UNC is pass.
INFO - 2019-09-27 10:32:31,502 - VDDQ_ABC_CPU1's UC is pass.
INFO - 2019-09-27 10:32:31,502 - VDDQ_DEF_CPU1's field ( Sensor name ): pass.
INFO - 2019-09-27 10:32:31,503 - VDDQ_DEF_CPU1's sensor number is pass.
ERROR - 2019-09-27 10:32:31,503 - 3.0 and 32 are different.                        VDDQ_DEF_CPU1's entity id is fail.
INFO - 2019-09-27 10:32:31,503 - VDDQ_DEF_CPU1's sensor type is pass.
INFO - 2019-09-27 10:32:31,503 - VDDQ_DEF_CPU1's LC is pass.
INFO - 2019-09-27 10:32:31,503 - VDDQ_DEF_CPU1's LNC is pass.
INFO - 2019-09-27 10:32:31,503 - VDDQ_DEF_CPU1's UNC is pass.
INFO - 2019-09-27 10:32:31,503 - VDDQ_DEF_CPU1's UC is pass.
INFO - 2019-09-27 10:32:31,503 - VDDQ_ABC_CPU2's field ( Sensor name ): pass.
INFO - 2019-09-27 10:32:31,503 - VDDQ_ABC_CPU2's sensor number is pass.
ERROR - 2019-09-27 10:32:31,503 - 3.0 and 32 are different.                        VDDQ_ABC_CPU2's entity id is fail.
INFO - 2019-09-27 10:32:31,503 - VDDQ_ABC_CPU2's sensor type is pass.
INFO - 2019-09-27 10:32:31,503 - VDDQ_ABC_CPU2's LC is pass.
INFO - 2019-09-27 10:32:31,503 - VDDQ_ABC_CPU2's LNC is pass.
INFO - 2019-09-27 10:32:31,503 - VDDQ_ABC_CPU2's UNC is pass.
INFO - 2019-09-27 10:32:31,503 - VDDQ_ABC_CPU2's UC is pass.
INFO - 2019-09-27 10:32:31,503 - VDDQ_DEF_CPU2's field ( Sensor name ): pass.
INFO - 2019-09-27 10:32:31,503 - VDDQ_DEF_CPU2's sensor number is pass.
ERROR - 2019-09-27 10:32:31,504 - 3.0 and 32 are different.                        VDDQ_DEF_CPU2's entity id is fail.
INFO - 2019-09-27 10:32:31,504 - VDDQ_DEF_CPU2's sensor type is pass.
INFO - 2019-09-27 10:32:31,504 - VDDQ_DEF_CPU2's LC is pass.
INFO - 2019-09-27 10:32:31,504 - VDDQ_DEF_CPU2's LNC is pass.
INFO - 2019-09-27 10:32:31,504 - VDDQ_DEF_CPU2's UNC is pass.
INFO - 2019-09-27 10:32:31,504 - VDDQ_DEF_CPU2's UC is pass.
INFO - 2019-09-27 10:32:31,504 - NIC_Temp's field ( Sensor name ): pass.
INFO - 2019-09-27 10:32:31,504 - NIC_Temp's sensor number is pass.
INFO - 2019-09-27 10:32:31,504 - NIC_Temp's entity id is pass.
INFO - 2019-09-27 10:32:31,504 - NIC_Temp's sensor type is pass.
INFO - 2019-09-27 10:32:31,504 - NIC_Temp's LC is pass.
INFO - 2019-09-27 10:32:31,504 - NIC_Temp's LNC is pass.
INFO - 2019-09-27 10:32:31,504 - NIC_Temp's UNC is pass.
INFO - 2019-09-27 10:32:31,504 - NIC_Temp's UC is pass.
INFO - 2019-09-27 10:32:31,504 - DIMM_A1_CPU1's field ( Sensor name ): pass.
INFO - 2019-09-27 10:32:31,504 - DIMM_A1_CPU1's sensor number is pass.
INFO - 2019-09-27 10:32:31,504 - DIMM_A1_CPU1's entity id is pass.
INFO - 2019-09-27 10:32:31,504 - DIMM_A1_CPU1's sensor type is pass.
INFO - 2019-09-27 10:32:31,504 - DIMM_A1_CPU1's LC is pass.
INFO - 2019-09-27 10:32:31,505 - DIMM_A1_CPU1's LNC is pass.
INFO - 2019-09-27 10:32:31,505 - DIMM_A1_CPU1's UNC is pass.
INFO - 2019-09-27 10:32:31,505 - DIMM_A1_CPU1's UC is pass.
INFO - 2019-09-27 10:32:31,505 - DIMM_A2_CPU1's field ( Sensor name ): pass.
INFO - 2019-09-27 10:32:31,505 - DIMM_A2_CPU1's sensor number is pass.
INFO - 2019-09-27 10:32:31,505 - DIMM_A2_CPU1's entity id is pass.
INFO - 2019-09-27 10:32:31,505 - DIMM_A2_CPU1's sensor type is pass.
INFO - 2019-09-27 10:32:31,505 - DIMM_A2_CPU1's LC is pass.
INFO - 2019-09-27 10:32:31,505 - DIMM_A2_CPU1's LNC is pass.
INFO - 2019-09-27 10:32:31,505 - DIMM_A2_CPU1's UNC is pass.
INFO - 2019-09-27 10:32:31,505 - DIMM_A2_CPU1's UC is pass.
INFO - 2019-09-27 10:32:31,505 - DIMM_B1_CPU1's field ( Sensor name ): pass.
INFO - 2019-09-27 10:32:31,505 - DIMM_B1_CPU1's sensor number is pass.
INFO - 2019-09-27 10:32:31,505 - DIMM_B1_CPU1's entity id is pass.
INFO - 2019-09-27 10:32:31,505 - DIMM_B1_CPU1's sensor type is pass.
INFO - 2019-09-27 10:32:31,505 - DIMM_B1_CPU1's LC is pass.
INFO - 2019-09-27 10:32:31,505 - DIMM_B1_CPU1's LNC is pass.
INFO - 2019-09-27 10:32:31,505 - DIMM_B1_CPU1's UNC is pass.
INFO - 2019-09-27 10:32:31,505 - DIMM_B1_CPU1's UC is pass.
INFO - 2019-09-27 10:32:31,505 - DIMM_B2_CPU1's field ( Sensor name ): pass.
INFO - 2019-09-27 10:32:31,506 - DIMM_B2_CPU1's sensor number is pass.
INFO - 2019-09-27 10:32:31,506 - DIMM_B2_CPU1's entity id is pass.
INFO - 2019-09-27 10:32:31,506 - DIMM_B2_CPU1's sensor type is pass.
INFO - 2019-09-27 10:32:31,506 - DIMM_B2_CPU1's LC is pass.
INFO - 2019-09-27 10:32:31,506 - DIMM_B2_CPU1's LNC is pass.
INFO - 2019-09-27 10:32:31,506 - DIMM_B2_CPU1's UNC is pass.
INFO - 2019-09-27 10:32:31,506 - DIMM_B2_CPU1's UC is pass.
INFO - 2019-09-27 10:32:31,506 - DIMM_C1_CPU1's field ( Sensor name ): pass.
INFO - 2019-09-27 10:32:31,506 - DIMM_C1_CPU1's sensor number is pass.
INFO - 2019-09-27 10:32:31,506 - DIMM_C1_CPU1's entity id is pass.
INFO - 2019-09-27 10:32:31,506 - DIMM_C1_CPU1's sensor type is pass.
INFO - 2019-09-27 10:32:31,506 - DIMM_C1_CPU1's LC is pass.
INFO - 2019-09-27 10:32:31,506 - DIMM_C1_CPU1's LNC is pass.
ERROR - 2019-09-27 10:32:31,506 - 89.000 and na are different.                          DIMM_C1_CPU1's UNC is fail.
ERROR - 2019-09-27 10:32:31,506 - 99.000 and na are different.                          DIMM_C1_CPU1's UC is fail.
INFO - 2019-09-27 10:32:31,507 - DIMM_C2_CPU1's field ( Sensor name ): pass.
INFO - 2019-09-27 10:32:31,507 - DIMM_C2_CPU1's sensor number is pass.
INFO - 2019-09-27 10:32:31,507 - DIMM_C2_CPU1's entity id is pass.
INFO - 2019-09-27 10:32:31,507 - DIMM_C2_CPU1's sensor type is pass.
INFO - 2019-09-27 10:32:31,507 - DIMM_C2_CPU1's LC is pass.
INFO - 2019-09-27 10:32:31,507 - DIMM_C2_CPU1's LNC is pass.
INFO - 2019-09-27 10:32:31,507 - DIMM_C2_CPU1's UNC is pass.
INFO - 2019-09-27 10:32:31,507 - DIMM_C2_CPU1's UC is pass.
INFO - 2019-09-27 10:32:31,507 - DIMM_D1_CPU1's field ( Sensor name ): pass.
INFO - 2019-09-27 10:32:31,507 - DIMM_D1_CPU1's sensor number is pass.
INFO - 2019-09-27 10:32:31,507 - DIMM_D1_CPU1's entity id is pass.
INFO - 2019-09-27 10:32:31,507 - DIMM_D1_CPU1's sensor type is pass.
INFO - 2019-09-27 10:32:31,507 - DIMM_D1_CPU1's LC is pass.
INFO - 2019-09-27 10:32:31,507 - DIMM_D1_CPU1's LNC is pass.
INFO - 2019-09-27 10:32:31,507 - DIMM_D1_CPU1's UNC is pass.
INFO - 2019-09-27 10:32:31,507 - DIMM_D1_CPU1's UC is pass.
INFO - 2019-09-27 10:32:31,507 - DIMM_D2_CPU1's field ( Sensor name ): pass.
INFO - 2019-09-27 10:32:31,507 - DIMM_D2_CPU1's sensor number is pass.
INFO - 2019-09-27 10:32:31,507 - DIMM_D2_CPU1's entity id is pass.
INFO - 2019-09-27 10:32:31,508 - DIMM_D2_CPU1's sensor type is pass.
INFO - 2019-09-27 10:32:31,508 - DIMM_D2_CPU1's LC is pass.
INFO - 2019-09-27 10:32:31,508 - DIMM_D2_CPU1's LNC is pass.
INFO - 2019-09-27 10:32:31,508 - DIMM_D2_CPU1's UNC is pass.
INFO - 2019-09-27 10:32:31,508 - DIMM_D2_CPU1's UC is pass.
INFO - 2019-09-27 10:32:31,508 - DIMM_E1_CPU1's field ( Sensor name ): pass.
INFO - 2019-09-27 10:32:31,508 - DIMM_E1_CPU1's sensor number is pass.
INFO - 2019-09-27 10:32:31,508 - DIMM_E1_CPU1's entity id is pass.
INFO - 2019-09-27 10:32:31,508 - DIMM_E1_CPU1's sensor type is pass.
INFO - 2019-09-27 10:32:31,508 - DIMM_E1_CPU1's LC is pass.
INFO - 2019-09-27 10:32:31,508 - DIMM_E1_CPU1's LNC is pass.
INFO - 2019-09-27 10:32:31,508 - DIMM_E1_CPU1's UNC is pass.
INFO - 2019-09-27 10:32:31,508 - DIMM_E1_CPU1's UC is pass.
INFO - 2019-09-27 10:32:31,508 - DIMM_E2_CPU1's field ( Sensor name ): pass.
INFO - 2019-09-27 10:32:31,509 - DIMM_E2_CPU1's sensor number is pass.
INFO - 2019-09-27 10:32:31,509 - DIMM_E2_CPU1's entity id is pass.
INFO - 2019-09-27 10:32:31,509 - DIMM_E2_CPU1's sensor type is pass.
INFO - 2019-09-27 10:32:31,509 - DIMM_E2_CPU1's LC is pass.
INFO - 2019-09-27 10:32:31,509 - DIMM_E2_CPU1's LNC is pass.
INFO - 2019-09-27 10:32:31,509 - DIMM_E2_CPU1's UNC is pass.
INFO - 2019-09-27 10:32:31,509 - DIMM_E2_CPU1's UC is pass.
INFO - 2019-09-27 10:32:31,509 - DIMM_F1_CPU1's field ( Sensor name ): pass.
INFO - 2019-09-27 10:32:31,509 - DIMM_F1_CPU1's sensor number is pass.
INFO - 2019-09-27 10:32:31,510 - DIMM_F1_CPU1's entity id is pass.
INFO - 2019-09-27 10:32:31,510 - DIMM_F1_CPU1's sensor type is pass.
INFO - 2019-09-27 10:32:31,510 - DIMM_F1_CPU1's LC is pass.
INFO - 2019-09-27 10:32:31,510 - DIMM_F1_CPU1's LNC is pass.
INFO - 2019-09-27 10:32:31,511 - DIMM_F1_CPU1's UNC is pass.
INFO - 2019-09-27 10:32:31,511 - DIMM_F1_CPU1's UC is pass.
INFO - 2019-09-27 10:32:31,511 - DIMM_F2_CPU1's field ( Sensor name ): pass.
INFO - 2019-09-27 10:32:31,511 - DIMM_F2_CPU1's sensor number is pass.
INFO - 2019-09-27 10:32:31,511 - DIMM_F2_CPU1's entity id is pass.
INFO - 2019-09-27 10:32:31,511 - DIMM_F2_CPU1's sensor type is pass.
INFO - 2019-09-27 10:32:31,511 - DIMM_F2_CPU1's LC is pass.
INFO - 2019-09-27 10:32:31,511 - DIMM_F2_CPU1's LNC is pass.
INFO - 2019-09-27 10:32:31,511 - DIMM_F2_CPU1's UNC is pass.
INFO - 2019-09-27 10:32:31,511 - DIMM_F2_CPU1's UC is pass.
INFO - 2019-09-27 10:32:31,511 - DIMM_A1_CPU2's field ( Sensor name ): pass.
INFO - 2019-09-27 10:32:31,511 - DIMM_A1_CPU2's sensor number is pass.
INFO - 2019-09-27 10:32:31,512 - DIMM_A1_CPU2's entity id is pass.
INFO - 2019-09-27 10:32:31,512 - DIMM_A1_CPU2's sensor type is pass.
INFO - 2019-09-27 10:32:31,512 - DIMM_A1_CPU2's LC is pass.
INFO - 2019-09-27 10:32:31,512 - DIMM_A1_CPU2's LNC is pass.
INFO - 2019-09-27 10:32:31,512 - DIMM_A1_CPU2's UNC is pass.
INFO - 2019-09-27 10:32:31,512 - DIMM_A1_CPU2's UC is pass.
INFO - 2019-09-27 10:32:31,512 - DIMM_A2_CPU2's field ( Sensor name ): pass.
INFO - 2019-09-27 10:32:31,512 - DIMM_A2_CPU2's sensor number is pass.
INFO - 2019-09-27 10:32:31,512 - DIMM_A2_CPU2's entity id is pass.
INFO - 2019-09-27 10:32:31,512 - DIMM_A2_CPU2's sensor type is pass.
INFO - 2019-09-27 10:32:31,512 - DIMM_A2_CPU2's LC is pass.
INFO - 2019-09-27 10:32:31,512 - DIMM_A2_CPU2's LNC is pass.
INFO - 2019-09-27 10:32:31,512 - DIMM_A2_CPU2's UNC is pass.
INFO - 2019-09-27 10:32:31,512 - DIMM_A2_CPU2's UC is pass.
INFO - 2019-09-27 10:32:31,512 - DIMM_B1_CPU2's field ( Sensor name ): pass.
INFO - 2019-09-27 10:32:31,512 - DIMM_B1_CPU2's sensor number is pass.
INFO - 2019-09-27 10:32:31,512 - DIMM_B1_CPU2's entity id is pass.
INFO - 2019-09-27 10:32:31,512 - DIMM_B1_CPU2's sensor type is pass.
INFO - 2019-09-27 10:32:31,513 - DIMM_B1_CPU2's LC is pass.
INFO - 2019-09-27 10:32:31,513 - DIMM_B1_CPU2's LNC is pass.
INFO - 2019-09-27 10:32:31,513 - DIMM_B1_CPU2's UNC is pass.
INFO - 2019-09-27 10:32:31,513 - DIMM_B1_CPU2's UC is pass.
INFO - 2019-09-27 10:32:31,513 - DIMM_B2_CPU2's field ( Sensor name ): pass.
INFO - 2019-09-27 10:32:31,513 - DIMM_B2_CPU2's sensor number is pass.
INFO - 2019-09-27 10:32:31,513 - DIMM_B2_CPU2's entity id is pass.
INFO - 2019-09-27 10:32:31,513 - DIMM_B2_CPU2's sensor type is pass.
INFO - 2019-09-27 10:32:31,513 - DIMM_B2_CPU2's LC is pass.
INFO - 2019-09-27 10:32:31,513 - DIMM_B2_CPU2's LNC is pass.
INFO - 2019-09-27 10:32:31,513 - DIMM_B2_CPU2's UNC is pass.
INFO - 2019-09-27 10:32:31,513 - DIMM_B2_CPU2's UC is pass.
INFO - 2019-09-27 10:32:31,513 - DIMM_C1_CPU2's field ( Sensor name ): pass.
INFO - 2019-09-27 10:32:31,513 - DIMM_C1_CPU2's sensor number is pass.
INFO - 2019-09-27 10:32:31,514 - DIMM_C1_CPU2's entity id is pass.
INFO - 2019-09-27 10:32:31,514 - DIMM_C1_CPU2's sensor type is pass.
INFO - 2019-09-27 10:32:31,514 - DIMM_C1_CPU2's LC is pass.
INFO - 2019-09-27 10:32:31,514 - DIMM_C1_CPU2's LNC is pass.
INFO - 2019-09-27 10:32:31,514 - DIMM_C1_CPU2's UNC is pass.
INFO - 2019-09-27 10:32:31,514 - DIMM_C1_CPU2's UC is pass.
INFO - 2019-09-27 10:32:31,514 - DIMM_C2_CPU2's field ( Sensor name ): pass.
INFO - 2019-09-27 10:32:31,514 - DIMM_C2_CPU2's sensor number is pass.
INFO - 2019-09-27 10:32:31,514 - DIMM_C2_CPU2's entity id is pass.
INFO - 2019-09-27 10:32:31,514 - DIMM_C2_CPU2's sensor type is pass.
INFO - 2019-09-27 10:32:31,514 - DIMM_C2_CPU2's LC is pass.
INFO - 2019-09-27 10:32:31,514 - DIMM_C2_CPU2's LNC is pass.
INFO - 2019-09-27 10:32:31,514 - DIMM_C2_CPU2's UNC is pass.
INFO - 2019-09-27 10:32:31,514 - DIMM_C2_CPU2's UC is pass.
INFO - 2019-09-27 10:32:31,514 - DIMM_D1_CPU2's field ( Sensor name ): pass.
INFO - 2019-09-27 10:32:31,514 - DIMM_D1_CPU2's sensor number is pass.
INFO - 2019-09-27 10:32:31,514 - DIMM_D1_CPU2's entity id is pass.
INFO - 2019-09-27 10:32:31,514 - DIMM_D1_CPU2's sensor type is pass.
INFO - 2019-09-27 10:32:31,515 - DIMM_D1_CPU2's LC is pass.
INFO - 2019-09-27 10:32:31,515 - DIMM_D1_CPU2's LNC is pass.
INFO - 2019-09-27 10:32:31,515 - DIMM_D1_CPU2's UNC is pass.
INFO - 2019-09-27 10:32:31,515 - DIMM_D1_CPU2's UC is pass.
INFO - 2019-09-27 10:32:31,515 - DIMM_D2_CPU2's field ( Sensor name ): pass.
INFO - 2019-09-27 10:32:31,515 - DIMM_D2_CPU2's sensor number is pass.
INFO - 2019-09-27 10:32:31,515 - DIMM_D2_CPU2's entity id is pass.
INFO - 2019-09-27 10:32:31,515 - DIMM_D2_CPU2's sensor type is pass.
INFO - 2019-09-27 10:32:31,515 - DIMM_D2_CPU2's LC is pass.
INFO - 2019-09-27 10:32:31,515 - DIMM_D2_CPU2's LNC is pass.
INFO - 2019-09-27 10:32:31,515 - DIMM_D2_CPU2's UNC is pass.
INFO - 2019-09-27 10:32:31,515 - DIMM_D2_CPU2's UC is pass.
INFO - 2019-09-27 10:32:31,515 - DIMM_E1_CPU2's field ( Sensor name ): pass.
INFO - 2019-09-27 10:32:31,515 - DIMM_E1_CPU2's sensor number is pass.
INFO - 2019-09-27 10:32:31,515 - DIMM_E1_CPU2's entity id is pass.
INFO - 2019-09-27 10:32:31,515 - DIMM_E1_CPU2's sensor type is pass.
INFO - 2019-09-27 10:32:31,516 - DIMM_E1_CPU2's LC is pass.
INFO - 2019-09-27 10:32:31,516 - DIMM_E1_CPU2's LNC is pass.
INFO - 2019-09-27 10:32:31,516 - DIMM_E1_CPU2's UNC is pass.
INFO - 2019-09-27 10:32:31,516 - DIMM_E1_CPU2's UC is pass.
INFO - 2019-09-27 10:32:31,516 - DIMM_E2_CPU2's field ( Sensor name ): pass.
INFO - 2019-09-27 10:32:31,516 - DIMM_E2_CPU2's sensor number is pass.
INFO - 2019-09-27 10:32:31,516 - DIMM_E2_CPU2's entity id is pass.
INFO - 2019-09-27 10:32:31,516 - DIMM_E2_CPU2's sensor type is pass.
INFO - 2019-09-27 10:32:31,516 - DIMM_E2_CPU2's LC is pass.
INFO - 2019-09-27 10:32:31,516 - DIMM_E2_CPU2's LNC is pass.
INFO - 2019-09-27 10:32:31,516 - DIMM_E2_CPU2's UNC is pass.
INFO - 2019-09-27 10:32:31,516 - DIMM_E2_CPU2's UC is pass.
INFO - 2019-09-27 10:32:31,516 - DIMM_F1_CPU2's field ( Sensor name ): pass.
INFO - 2019-09-27 10:32:31,516 - DIMM_F1_CPU2's sensor number is pass.
INFO - 2019-09-27 10:32:31,516 - DIMM_F1_CPU2's entity id is pass.
INFO - 2019-09-27 10:32:31,516 - DIMM_F1_CPU2's sensor type is pass.
INFO - 2019-09-27 10:32:31,516 - DIMM_F1_CPU2's LC is pass.
INFO - 2019-09-27 10:32:31,516 - DIMM_F1_CPU2's LNC is pass.
INFO - 2019-09-27 10:32:31,517 - DIMM_F1_CPU2's UNC is pass.
INFO - 2019-09-27 10:32:31,517 - DIMM_F1_CPU2's UC is pass.
INFO - 2019-09-27 10:32:31,517 - DIMM_F2_CPU2's field ( Sensor name ): pass.
INFO - 2019-09-27 10:32:31,517 - DIMM_F2_CPU2's sensor number is pass.
INFO - 2019-09-27 10:32:31,517 - DIMM_F2_CPU2's entity id is pass.
INFO - 2019-09-27 10:32:31,517 - DIMM_F2_CPU2's sensor type is pass.
INFO - 2019-09-27 10:32:31,517 - DIMM_F2_CPU2's LC is pass.
INFO - 2019-09-27 10:32:31,517 - DIMM_F2_CPU2's LNC is pass.
INFO - 2019-09-27 10:32:31,517 - DIMM_F2_CPU2's UNC is pass.
INFO - 2019-09-27 10:32:31,517 - DIMM_F2_CPU2's UC is pass.
INFO - 2019-09-27 10:32:31,517 - PCH_Temp's field ( Sensor name ): pass.
INFO - 2019-09-27 10:32:31,517 - PCH_Temp's sensor number is pass.
INFO - 2019-09-27 10:32:31,517 - PCH_Temp's entity id is pass.
INFO - 2019-09-27 10:32:31,517 - PCH_Temp's sensor type is pass.
INFO - 2019-09-27 10:32:31,517 - PCH_Temp's LC is pass.
INFO - 2019-09-27 10:32:31,517 - PCH_Temp's LNC is pass.
INFO - 2019-09-27 10:32:31,518 - PCH_Temp's UNC is pass.
INFO - 2019-09-27 10:32:31,518 - PCH_Temp's UC is pass.
INFO - 2019-09-27 10:32:31,518 - PSU0_Temp's field ( Sensor name ): pass.
INFO - 2019-09-27 10:32:31,518 - PSU0_Temp's sensor number is pass.
INFO - 2019-09-27 10:32:31,518 - PSU0_Temp's entity id is pass.
INFO - 2019-09-27 10:32:31,518 - PSU0_Temp's sensor type is pass.
INFO - 2019-09-27 10:32:31,518 - PSU0_Temp's LC is pass.
INFO - 2019-09-27 10:32:31,518 - PSU0_Temp's LNC is pass.
INFO - 2019-09-27 10:32:31,518 - PSU0_Temp's UNC is pass.
INFO - 2019-09-27 10:32:31,518 - PSU0_Temp's UC is pass.
INFO - 2019-09-27 10:32:31,518 - PSU1_Temp's field ( Sensor name ): pass.
INFO - 2019-09-27 10:32:31,518 - PSU1_Temp's sensor number is pass.
INFO - 2019-09-27 10:32:31,518 - PSU1_Temp's entity id is pass.
INFO - 2019-09-27 10:32:31,518 - PSU1_Temp's sensor type is pass.
INFO - 2019-09-27 10:32:31,518 - PSU1_Temp's LC is pass.
INFO - 2019-09-27 10:32:31,518 - PSU1_Temp's LNC is pass.
INFO - 2019-09-27 10:32:31,518 - PSU1_Temp's UNC is pass.
INFO - 2019-09-27 10:32:31,519 - PSU1_Temp's UC is pass.
INFO - 2019-09-27 10:32:31,519 - P12V_AUX's field ( Sensor name ): pass.
INFO - 2019-09-27 10:32:31,519 - P12V_AUX's sensor number is pass.
INFO - 2019-09-27 10:32:31,519 - P12V_AUX's entity id is pass.
INFO - 2019-09-27 10:32:31,519 - P12V_AUX's sensor type is pass.
INFO - 2019-09-27 10:32:31,519 - P12V_AUX's LC is pass.
INFO - 2019-09-27 10:32:31,519 - P12V_AUX's LNC is pass.
INFO - 2019-09-27 10:32:31,519 - P12V_AUX's UNC is pass.
INFO - 2019-09-27 10:32:31,519 - P12V_AUX's UC is pass.
INFO - 2019-09-27 10:32:31,519 - P5V_AUX's field ( Sensor name ): pass.
INFO - 2019-09-27 10:32:31,519 - P5V_AUX's sensor number is pass.
INFO - 2019-09-27 10:32:31,519 - P5V_AUX's entity id is pass.
INFO - 2019-09-27 10:32:31,525 - P5V_AUX's sensor type is pass.
INFO - 2019-09-27 10:32:31,526 - P5V_AUX's LC is pass.
INFO - 2019-09-27 10:32:31,526 - P5V_AUX's LNC is pass.
INFO - 2019-09-27 10:32:31,526 - P5V_AUX's UNC is pass.
INFO - 2019-09-27 10:32:31,526 - P5V_AUX's UC is pass.
INFO - 2019-09-27 10:32:31,526 - P3V3_AUX's field ( Sensor name ): pass.
INFO - 2019-09-27 10:32:31,527 - P3V3_AUX's sensor number is pass.
INFO - 2019-09-27 10:32:31,527 - P3V3_AUX's entity id is pass.
INFO - 2019-09-27 10:32:31,527 - P3V3_AUX's sensor type is pass.
INFO - 2019-09-27 10:32:31,527 - P3V3_AUX's LC is pass.
INFO - 2019-09-27 10:32:31,527 - P3V3_AUX's LNC is pass.
INFO - 2019-09-27 10:32:31,527 - P3V3_AUX's UNC is pass.
INFO - 2019-09-27 10:32:31,527 - P3V3_AUX's UC is pass.
INFO - 2019-09-27 10:32:31,527 - P1V8_PCH_AUX's field ( Sensor name ): pass.
INFO - 2019-09-27 10:32:31,527 - P1V8_PCH_AUX's sensor number is pass.
INFO - 2019-09-27 10:32:31,527 - P1V8_PCH_AUX's entity id is pass.
INFO - 2019-09-27 10:32:31,527 - P1V8_PCH_AUX's sensor type is pass.
INFO - 2019-09-27 10:32:31,527 - P1V8_PCH_AUX's LC is pass.
INFO - 2019-09-27 10:32:31,527 - P1V8_PCH_AUX's LNC is pass.
INFO - 2019-09-27 10:32:31,527 - P1V8_PCH_AUX's UNC is pass.
INFO - 2019-09-27 10:32:31,528 - P1V8_PCH_AUX's UC is pass.
INFO - 2019-09-27 10:32:31,528 - PVNN_PCH_AUX's field ( Sensor name ): pass.
INFO - 2019-09-27 10:32:31,528 - PVNN_PCH_AUX's sensor number is pass.
INFO - 2019-09-27 10:32:31,528 - PVNN_PCH_AUX's entity id is pass.
INFO - 2019-09-27 10:32:31,528 - PVNN_PCH_AUX's sensor type is pass.
INFO - 2019-09-27 10:32:31,528 - PVNN_PCH_AUX's LC is pass.
INFO - 2019-09-27 10:32:31,528 - PVNN_PCH_AUX's LNC is pass.
INFO - 2019-09-27 10:32:31,529 - PVNN_PCH_AUX's UNC is pass.
INFO - 2019-09-27 10:32:31,529 - PVNN_PCH_AUX's UC is pass.
INFO - 2019-09-27 10:32:31,529 - P1V05_PCH_AUX's field ( Sensor name ): pass.
INFO - 2019-09-27 10:32:31,530 - P1V05_PCH_AUX's sensor number is pass.
INFO - 2019-09-27 10:32:31,530 - P1V05_PCH_AUX's entity id is pass.
INFO - 2019-09-27 10:32:31,530 - P1V05_PCH_AUX's sensor type is pass.
INFO - 2019-09-27 10:32:31,530 - P1V05_PCH_AUX's LC is pass.
INFO - 2019-09-27 10:32:31,530 - P1V05_PCH_AUX's LNC is pass.
INFO - 2019-09-27 10:32:31,530 - P1V05_PCH_AUX's UNC is pass.
INFO - 2019-09-27 10:32:31,530 - P1V05_PCH_AUX's UC is pass.
INFO - 2019-09-27 10:32:31,530 - P1V2_DDR_BMC's field ( Sensor name ): pass.
INFO - 2019-09-27 10:32:31,530 - P1V2_DDR_BMC's sensor number is pass.
INFO - 2019-09-27 10:32:31,530 - P1V2_DDR_BMC's entity id is pass.
INFO - 2019-09-27 10:32:31,530 - P1V2_DDR_BMC's sensor type is pass.
INFO - 2019-09-27 10:32:31,530 - P1V2_DDR_BMC's LC is pass.
INFO - 2019-09-27 10:32:31,531 - P1V2_DDR_BMC's LNC is pass.
INFO - 2019-09-27 10:32:31,531 - P1V2_DDR_BMC's UNC is pass.
INFO - 2019-09-27 10:32:31,531 - P1V2_DDR_BMC's UC is pass.
INFO - 2019-09-27 10:32:31,531 - P1V15_BMC's field ( Sensor name ): pass.
INFO - 2019-09-27 10:32:31,531 - P1V15_BMC's sensor number is pass.
INFO - 2019-09-27 10:32:31,531 - P1V15_BMC's entity id is pass.
INFO - 2019-09-27 10:32:31,531 - P1V15_BMC's sensor type is pass.
INFO - 2019-09-27 10:32:31,531 - P1V15_BMC's LC is pass.
INFO - 2019-09-27 10:32:31,531 - P1V15_BMC's LNC is pass.
INFO - 2019-09-27 10:32:31,531 - P1V15_BMC's UNC is pass.
INFO - 2019-09-27 10:32:31,531 - P1V15_BMC's UC is pass.
INFO - 2019-09-27 10:32:31,531 - PVCCIO_CPU1's field ( Sensor name ): pass.
INFO - 2019-09-27 10:32:31,531 - PVCCIO_CPU1's sensor number is pass.
INFO - 2019-09-27 10:32:31,531 - PVCCIO_CPU1's entity id is pass.
INFO - 2019-09-27 10:32:31,531 - PVCCIO_CPU1's sensor type is pass.
INFO - 2019-09-27 10:32:31,531 - PVCCIO_CPU1's LC is pass.
INFO - 2019-09-27 10:32:31,531 - PVCCIO_CPU1's LNC is pass.
INFO - 2019-09-27 10:32:31,532 - PVCCIO_CPU1's UNC is pass.
INFO - 2019-09-27 10:32:31,532 - PVCCIO_CPU1's UC is pass.
ERROR - 2019-09-27 10:32:31,532 - spec don't have PVCCIO_CPU2 sensor_name. 
                        sensor number/entity id/sensor type not compare.

INFO - 2019-09-27 10:32:31,532 - P12V_STBY's field ( Sensor name ): pass.
INFO - 2019-09-27 10:32:31,532 - P12V_STBY's sensor number is pass.
INFO - 2019-09-27 10:32:31,532 - P12V_STBY's entity id is pass.
INFO - 2019-09-27 10:32:31,532 - P12V_STBY's sensor type is pass.
INFO - 2019-09-27 10:32:31,532 - P12V_STBY's LC is pass.
INFO - 2019-09-27 10:32:31,532 - P12V_STBY's LNC is pass.
INFO - 2019-09-27 10:32:31,532 - P12V_STBY's UNC is pass.
INFO - 2019-09-27 10:32:31,532 - P12V_STBY's UC is pass.
ERROR - 2019-09-27 10:32:31,532 - spec don't have P12V sensor_name. 
                        sensor number/entity id/sensor type not compare.

INFO - 2019-09-27 10:32:31,532 - P5V's field ( Sensor name ): pass.
INFO - 2019-09-27 10:32:31,532 - P5V's sensor number is pass.
INFO - 2019-09-27 10:32:31,532 - P5V's entity id is pass.
INFO - 2019-09-27 10:32:31,532 - P5V's sensor type is pass.
INFO - 2019-09-27 10:32:31,532 - P5V's LC is pass.
INFO - 2019-09-27 10:32:31,533 - P5V's LNC is pass.
INFO - 2019-09-27 10:32:31,533 - P5V's UNC is pass.
INFO - 2019-09-27 10:32:31,533 - P5V's UC is pass.
INFO - 2019-09-27 10:32:31,533 - P3V3's field ( Sensor name ): pass.
INFO - 2019-09-27 10:32:31,533 - P3V3's sensor number is pass.
INFO - 2019-09-27 10:32:31,533 - P3V3's entity id is pass.
INFO - 2019-09-27 10:32:31,533 - P3V3's sensor type is pass.
INFO - 2019-09-27 10:32:31,533 - P3V3's LC is pass.
INFO - 2019-09-27 10:32:31,533 - P3V3's LNC is pass.
INFO - 2019-09-27 10:32:31,533 - P3V3's UNC is pass.
INFO - 2019-09-27 10:32:31,533 - P3V3's UC is pass.
INFO - 2019-09-27 10:32:31,533 - PSU0_VIN's field ( Sensor name ): pass.
INFO - 2019-09-27 10:32:31,533 - PSU0_VIN's sensor number is pass.
INFO - 2019-09-27 10:32:31,533 - PSU0_VIN's entity id is pass.
INFO - 2019-09-27 10:32:31,533 - PSU0_VIN's sensor type is pass.
INFO - 2019-09-27 10:32:31,533 - PSU0_VIN's LC is pass.
INFO - 2019-09-27 10:32:31,534 - PSU0_VIN's LNC is pass.
INFO - 2019-09-27 10:32:31,534 - PSU0_VIN's UNC is pass.
INFO - 2019-09-27 10:32:31,534 - PSU0_VIN's UC is pass.
INFO - 2019-09-27 10:32:31,534 - PSU0_VOUT's field ( Sensor name ): pass.
INFO - 2019-09-27 10:32:31,534 - PSU0_VOUT's sensor number is pass.
INFO - 2019-09-27 10:32:31,534 - PSU0_VOUT's entity id is pass.
INFO - 2019-09-27 10:32:31,534 - PSU0_VOUT's sensor type is pass.
INFO - 2019-09-27 10:32:31,534 - PSU0_VOUT's LC is pass.
INFO - 2019-09-27 10:32:31,534 - PSU0_VOUT's LNC is pass.
INFO - 2019-09-27 10:32:31,534 - PSU0_VOUT's UNC is pass.
INFO - 2019-09-27 10:32:31,534 - PSU0_VOUT's UC is pass.
INFO - 2019-09-27 10:32:31,534 - PSU0_IIN's field ( Sensor name ): pass.
INFO - 2019-09-27 10:32:31,534 - PSU0_IIN's sensor number is pass.
INFO - 2019-09-27 10:32:31,534 - PSU0_IIN's entity id is pass.
INFO - 2019-09-27 10:32:31,534 - PSU0_IIN's sensor type is pass.
INFO - 2019-09-27 10:32:31,535 - PSU0_IIN's LC is pass.
INFO - 2019-09-27 10:32:31,535 - PSU0_IIN's LNC is pass.
INFO - 2019-09-27 10:32:31,535 - PSU0_IIN's UNC is pass.
INFO - 2019-09-27 10:32:31,535 - PSU0_IIN's UC is pass.
INFO - 2019-09-27 10:32:31,535 - PSU0_IOUT's field ( Sensor name ): pass.
INFO - 2019-09-27 10:32:31,535 - PSU0_IOUT's sensor number is pass.
INFO - 2019-09-27 10:32:31,535 - PSU0_IOUT's entity id is pass.
INFO - 2019-09-27 10:32:31,535 - PSU0_IOUT's sensor type is pass.
INFO - 2019-09-27 10:32:31,535 - PSU0_IOUT's LC is pass.
INFO - 2019-09-27 10:32:31,535 - PSU0_IOUT's LNC is pass.
INFO - 2019-09-27 10:32:31,535 - PSU0_IOUT's UNC is pass.
INFO - 2019-09-27 10:32:31,535 - PSU0_IOUT's UC is pass.
INFO - 2019-09-27 10:32:31,535 - PSU0_PIN's field ( Sensor name ): pass.
INFO - 2019-09-27 10:32:31,535 - PSU0_PIN's sensor number is pass.
INFO - 2019-09-27 10:32:31,535 - PSU0_PIN's entity id is pass.
INFO - 2019-09-27 10:32:31,536 - PSU0_PIN's sensor type is pass.
INFO - 2019-09-27 10:32:31,536 - PSU0_PIN's LC is pass.
INFO - 2019-09-27 10:32:31,536 - PSU0_PIN's LNC is pass.
INFO - 2019-09-27 10:32:31,536 - PSU0_PIN's UNC is pass.
INFO - 2019-09-27 10:32:31,536 - PSU0_PIN's UC is pass.
INFO - 2019-09-27 10:32:31,536 - PSU0_POUT's field ( Sensor name ): pass.
INFO - 2019-09-27 10:32:31,536 - PSU0_POUT's sensor number is pass.
INFO - 2019-09-27 10:32:31,536 - PSU0_POUT's entity id is pass.
INFO - 2019-09-27 10:32:31,536 - PSU0_POUT's sensor type is pass.
INFO - 2019-09-27 10:32:31,536 - PSU0_POUT's LC is pass.
INFO - 2019-09-27 10:32:31,536 - PSU0_POUT's LNC is pass.
INFO - 2019-09-27 10:32:31,536 - PSU0_POUT's UNC is pass.
INFO - 2019-09-27 10:32:31,536 - PSU0_POUT's UC is pass.
INFO - 2019-09-27 10:32:31,536 - PSU1_VIN's field ( Sensor name ): pass.
INFO - 2019-09-27 10:32:31,537 - PSU1_VIN's sensor number is pass.
INFO - 2019-09-27 10:32:31,537 - PSU1_VIN's entity id is pass.
INFO - 2019-09-27 10:32:31,537 - PSU1_VIN's sensor type is pass.
INFO - 2019-09-27 10:32:31,537 - PSU1_VIN's LC is pass.
INFO - 2019-09-27 10:32:31,537 - PSU1_VIN's LNC is pass.
INFO - 2019-09-27 10:32:31,537 - PSU1_VIN's UNC is pass.
INFO - 2019-09-27 10:32:31,537 - PSU1_VIN's UC is pass.
INFO - 2019-09-27 10:32:31,537 - PSU1_VOUT's field ( Sensor name ): pass.
INFO - 2019-09-27 10:32:31,537 - PSU1_VOUT's sensor number is pass.
INFO - 2019-09-27 10:32:31,537 - PSU1_VOUT's entity id is pass.
INFO - 2019-09-27 10:32:31,537 - PSU1_VOUT's sensor type is pass.
INFO - 2019-09-27 10:32:31,537 - PSU1_VOUT's LC is pass.
INFO - 2019-09-27 10:32:31,537 - PSU1_VOUT's LNC is pass.
INFO - 2019-09-27 10:32:31,537 - PSU1_VOUT's UNC is pass.
INFO - 2019-09-27 10:32:31,537 - PSU1_VOUT's UC is pass.
INFO - 2019-09-27 10:32:31,537 - PSU1_IIN's field ( Sensor name ): pass.
INFO - 2019-09-27 10:32:31,537 - PSU1_IIN's sensor number is pass.
INFO - 2019-09-27 10:32:31,538 - PSU1_IIN's entity id is pass.
INFO - 2019-09-27 10:32:31,538 - PSU1_IIN's sensor type is pass.
INFO - 2019-09-27 10:32:31,538 - PSU1_IIN's LC is pass.
INFO - 2019-09-27 10:32:31,538 - PSU1_IIN's LNC is pass.
INFO - 2019-09-27 10:32:31,538 - PSU1_IIN's UNC is pass.
INFO - 2019-09-27 10:32:31,538 - PSU1_IIN's UC is pass.
INFO - 2019-09-27 10:32:31,538 - PSU1_IOUT's field ( Sensor name ): pass.
INFO - 2019-09-27 10:32:31,538 - PSU1_IOUT's sensor number is pass.
INFO - 2019-09-27 10:32:31,538 - PSU1_IOUT's entity id is pass.
INFO - 2019-09-27 10:32:31,538 - PSU1_IOUT's sensor type is pass.
INFO - 2019-09-27 10:32:31,538 - PSU1_IOUT's LC is pass.
INFO - 2019-09-27 10:32:31,538 - PSU1_IOUT's LNC is pass.
INFO - 2019-09-27 10:32:31,538 - PSU1_IOUT's UNC is pass.
INFO - 2019-09-27 10:32:31,538 - PSU1_IOUT's UC is pass.
INFO - 2019-09-27 10:32:31,538 - PSU1_PIN's field ( Sensor name ): pass.
INFO - 2019-09-27 10:32:31,538 - PSU1_PIN's sensor number is pass.
INFO - 2019-09-27 10:32:31,538 - PSU1_PIN's entity id is pass.
INFO - 2019-09-27 10:32:31,538 - PSU1_PIN's sensor type is pass.
INFO - 2019-09-27 10:32:31,538 - PSU1_PIN's LC is pass.
INFO - 2019-09-27 10:32:31,539 - PSU1_PIN's LNC is pass.
INFO - 2019-09-27 10:32:31,539 - PSU1_PIN's UNC is pass.
INFO - 2019-09-27 10:32:31,539 - PSU1_PIN's UC is pass.
INFO - 2019-09-27 10:32:31,539 - PSU1_POUT's field ( Sensor name ): pass.
INFO - 2019-09-27 10:32:31,539 - PSU1_POUT's sensor number is pass.
INFO - 2019-09-27 10:32:31,539 - PSU1_POUT's entity id is pass.
INFO - 2019-09-27 10:32:31,539 - PSU1_POUT's sensor type is pass.
INFO - 2019-09-27 10:32:31,539 - PSU1_POUT's LC is pass.
INFO - 2019-09-27 10:32:31,539 - PSU1_POUT's LNC is pass.
INFO - 2019-09-27 10:32:31,539 - PSU1_POUT's UNC is pass.
INFO - 2019-09-27 10:32:31,539 - PSU1_POUT's UC is pass.
ERROR - 2019-09-27 10:32:31,539 - spec don't have Fan1_Speed sensor_name. 
                        sensor number/entity id/sensor type not compare.

ERROR - 2019-09-27 10:32:31,539 - spec don't have Fan2_Speed sensor_name. 
                        sensor number/entity id/sensor type not compare.

ERROR - 2019-09-27 10:32:31,539 - spec don't have Fan3_Speed sensor_name. 
                        sensor number/entity id/sensor type not compare.

ERROR - 2019-09-27 10:32:31,539 - spec don't have Fan4_Speed sensor_name. 
                        sensor number/entity id/sensor type not compare.

ERROR - 2019-09-27 10:32:31,539 - spec don't have Fan5_Speed sensor_name. 
                        sensor number/entity id/sensor type not compare.

ERROR - 2019-09-27 10:32:31,539 - spec don't have Fan6_Speed sensor_name. 
                        sensor number/entity id/sensor type not compare.

